[0mCompiling "resources/unpacked/compiled/popup/main.js" from ["src/popup"]...[0m
[32mSuccessfully compiled "resources/unpacked/compiled/popup/main.js" in 1.065 seconds.[0m
notifying browser that file changed:  resources/unpacked/compiled/popup/goog/deps.js
notifying browser that file changed:  resources/unpacked/compiled/popup/cljs_deps.js
notifying browser that file changed:  out/hnhit/popup/core.js
[0mCompiling "resources/unpacked/compiled/popup/main.js" from ["src/popup"]...[0m
[32mSuccessfully compiled "resources/unpacked/compiled/popup/main.js" in 0.847 seconds.[0m
notifying browser that file changed:  out/hnhit/popup/core.js
[0mCompiling "resources/unpacked/compiled/popup/main.js" from ["src/popup"]...[0m
[32mSuccessfully compiled "resources/unpacked/compiled/popup/main.js" in 0.838 seconds.[0m
notifying browser that file changed:  out/hnhit/popup/core.js
[0mCompiling "resources/unpacked/compiled/popup/main.js" from ["src/popup"]...[0m
[32mSuccessfully compiled "resources/unpacked/compiled/popup/main.js" in 0.903 seconds.[0m
notifying browser that file changed:  out/hnhit/popup/core.js
[0mCompiling "resources/unpacked/compiled/popup/main.js" from ["src/popup"]...[0m
[32mSuccessfully compiled "resources/unpacked/compiled/popup/main.js" in 0.837 seconds.[0m
notifying browser that file changed:  out/hnhit/popup/core.js
[0mCompiling "resources/unpacked/compiled/popup/main.js" from ["src/popup"]...[0m
[32mSuccessfully compiled "resources/unpacked/compiled/popup/main.js" in 0.76 seconds.[0m
notifying browser that file changed:  out/hnhit/popup/core.js
[0mCompiling "resources/unpacked/compiled/popup/main.js" from ["src/popup"]...[0m
[32mSuccessfully compiled "resources/unpacked/compiled/popup/main.js" in 0.723 seconds.[0m
notifying browser that file changed:  out/hnhit/popup/core.js
[0mCompiling "resources/unpacked/compiled/popup/main.js" from ["src/popup"]...[0m
[32mSuccessfully compiled "resources/unpacked/compiled/popup/main.js" in 0.795 seconds.[0m
notifying browser that file changed:  out/hnhit/popup/core.js
[0mCompiling "resources/unpacked/compiled/popup/main.js" from ["src/popup"]...[0m
[32mSuccessfully compiled "resources/unpacked/compiled/popup/main.js" in 0.731 seconds.[0m
notifying browser that file changed:  out/hnhit/popup/core.js
[0mCompiling "resources/unpacked/compiled/popup/main.js" from ["src/popup"]...[0m
[32mSuccessfully compiled "resources/unpacked/compiled/popup/main.js" in 0.714 seconds.[0m
notifying browser that file changed:  out/hnhit/popup/core.js
[0mCompiling "resources/unpacked/compiled/popup/main.js" from ["src/popup"]...[0m
[32mSuccessfully compiled "resources/unpacked/compiled/popup/main.js" in 0.735 seconds.[0m
notifying browser that file changed:  out/hnhit/popup/core.js
[0mCompiling "resources/unpacked/compiled/popup/main.js" from ["src/popup"]...[0m
[32mSuccessfully compiled "resources/unpacked/compiled/popup/main.js" in 0.925 seconds.[0m
notifying browser that file changed:  resources/unpacked/compiled/popup/goog/deps.js
notifying browser that file changed:  resources/unpacked/compiled/popup/cljs_deps.js
notifying browser that file changed:  out/hnhit/popup/core.js
[0mCompiling "resources/unpacked/compiled/popup/main.js" from ["src/popup"]...[0m
[32mSuccessfully compiled "resources/unpacked/compiled/popup/main.js" in 0.954 seconds.[0m
notifying browser that file changed:  out/hnhit/popup/core.js
[0mCompiling "resources/unpacked/compiled/popup/main.js" from ["src/popup"]...[0m
[32mSuccessfully compiled "resources/unpacked/compiled/popup/main.js" in 0.902 seconds.[0m
notifying browser that file changed:  out/hnhit/popup/core.js
[0mCompiling "resources/unpacked/compiled/popup/main.js" from ["src/popup"]...[0m
[32mSuccessfully compiled "resources/unpacked/compiled/popup/main.js" in 0.741 seconds.[0m
notifying browser that file changed:  out/hnhit/popup/core.js
[0mCompiling "resources/unpacked/compiled/popup/main.js" from ["src/popup"]...[0m
[32mSuccessfully compiled "resources/unpacked/compiled/popup/main.js" in 0.708 seconds.[0m
notifying browser that file changed:  out/hnhit/popup/core.js
[0mCompiling "resources/unpacked/compiled/popup/main.js" from ["src/popup"]...[0m
[32mSuccessfully compiled "resources/unpacked/compiled/popup/main.js" in 0.877 seconds.[0m
notifying browser that file changed:  out/hnhit/popup/core.js
[0mCompiling "resources/unpacked/compiled/popup/main.js" from ["src/popup"]...[0m
[32mSuccessfully compiled "resources/unpacked/compiled/popup/main.js" in 1.852 seconds.[0m
notifying browser that file changed:  out/hnhit/popup/core.js
[0mCompiling "resources/unpacked/compiled/popup/main.js" from ["src/popup"]...[0m
[32mSuccessfully compiled "resources/unpacked/compiled/popup/main.js" in 1.734 seconds.[0m
notifying browser that file changed:  resources/unpacked/compiled/popup/cljs_deps.js
notifying browser that file changed:  out/hnhit/popup/core.js
[0mCompiling "resources/unpacked/compiled/popup/main.js" from ["src/popup"]...[0m
[32mSuccessfully compiled "resources/unpacked/compiled/popup/main.js" in 0.871 seconds.[0m
notifying browser that file changed:  resources/unpacked/compiled/popup/cljs_deps.js
notifying browser that file changed:  out/hnhit/popup/core.js
[0mCompiling "resources/unpacked/compiled/popup/main.js" from ["src/popup"]...[0m
[32mSuccessfully compiled "resources/unpacked/compiled/popup/main.js" in 0.9 seconds.[0m
notifying browser that file changed:  out/hnhit/popup/core.js
[0mCompiling "resources/unpacked/compiled/popup/main.js" from ["src/popup"]...[0m
[32mSuccessfully compiled "resources/unpacked/compiled/popup/main.js" in 0.965 seconds.[0m
notifying browser that file changed:  resources/unpacked/compiled/popup/cljs_deps.js
notifying browser that file changed:  out/hnhit/popup/core.js
[0mCompiling "resources/unpacked/compiled/popup/main.js" from ["src/popup"]...[0m
[32mSuccessfully compiled "resources/unpacked/compiled/popup/main.js" in 0.908 seconds.[0m
notifying browser that file changed:  resources/unpacked/compiled/popup/cljs_deps.js
notifying browser that file changed:  out/hnhit/popup/core.js
[0mCompiling "resources/unpacked/compiled/popup/main.js" from ["src/popup"]...[0m
[32mSuccessfully compiled "resources/unpacked/compiled/popup/main.js" in 0.901 seconds.[0m
notifying browser that file changed:  out/hnhit/popup/core.js
[0mCompiling "resources/unpacked/compiled/popup/main.js" from ["src/popup"]...[0m
[32mSuccessfully compiled "resources/unpacked/compiled/popup/main.js" in 0.678 seconds.[0m
notifying browser that file changed:  out/hnhit/popup/core.js
[0mCompiling "resources/unpacked/compiled/popup/main.js" from ["src/popup"]...[0m
[32mSuccessfully compiled "resources/unpacked/compiled/popup/main.js" in 0.742 seconds.[0m
notifying browser that file changed:  out/hnhit/popup/core.js
[0mCompiling "resources/unpacked/compiled/popup/main.js" from ["src/popup"]...[0m
[32mSuccessfully compiled "resources/unpacked/compiled/popup/main.js" in 0.742 seconds.[0m
notifying browser that file changed:  out/hnhit/popup/core.js
[0mCompiling "resources/unpacked/compiled/popup/main.js" from ["src/popup"]...[0m
[32mSuccessfully compiled "resources/unpacked/compiled/popup/main.js" in 0.774 seconds.[0m
notifying browser that file changed:  resources/unpacked/compiled/popup/goog/deps.js
notifying browser that file changed:  resources/unpacked/compiled/popup/cljs_deps.js
notifying browser that file changed:  out/hnhit/popup/core.js
[0mCompiling "resources/unpacked/compiled/popup/main.js" from ["src/popup"]...[0m
[32mSuccessfully compiled "resources/unpacked/compiled/popup/main.js" in 0.91 seconds.[0m
notifying browser that file changed:  resources/unpacked/compiled/popup/goog/deps.js
notifying browser that file changed:  resources/unpacked/compiled/popup/cljs_deps.js
notifying browser that file changed:  out/hnhit/popup/core.js
[0mCompiling "resources/unpacked/compiled/popup/main.js" from ["src/popup"]...[0m
[32mSuccessfully compiled "resources/unpacked/compiled/popup/main.js" in 0.887 seconds.[0m
notifying browser that file changed:  resources/unpacked/compiled/popup/goog/deps.js
notifying browser that file changed:  resources/unpacked/compiled/popup/cljs_deps.js
notifying browser that file changed:  out/hnhit/popup/core.js
[0mCompiling "resources/unpacked/compiled/popup/main.js" from ["src/popup"]...[0m
[32mSuccessfully compiled "resources/unpacked/compiled/popup/main.js" in 0.887 seconds.[0m
notifying browser that file changed:  resources/unpacked/compiled/popup/goog/deps.js
notifying browser that file changed:  resources/unpacked/compiled/popup/cljs_deps.js
notifying browser that file changed:  out/hnhit/popup/core.js
[0mCompiling "resources/unpacked/compiled/popup/main.js" from ["src/popup"]...[0m
[32mSuccessfully compiled "resources/unpacked/compiled/popup/main.js" in 1.245 seconds.[0m
notifying browser that file changed:  resources/unpacked/compiled/popup/cljs_deps.js
notifying browser that file changed:  out/hnhit/popup/core.js
[0mCompiling "resources/unpacked/compiled/popup/main.js" from ["src/popup"]...[0m
[32mSuccessfully compiled "resources/unpacked/compiled/popup/main.js" in 1.014 seconds.[0m
notifying browser that file changed:  out/hnhit/popup/core.js
